<?xml version="1.0" encoding="UTF-8"?>
<coverage generated="1616723541252" clover="3.2.0">
  <project timestamp="1616723541253" name="All files">
    <metrics statements="23" coveredstatements="22" conditionals="9" coveredconditionals="7" methods="10" coveredmethods="10" elements="42" coveredelements="39" complexity="0" loc="23" ncloc="23" packages="1" files="5" classes="5"/>
    <file name="compositiveFunction.js" path="/home/developer/Desktop/RECYLINK-TEST/compositiveFunction.js">
      <metrics statements="1" coveredstatements="1" conditionals="0" coveredconditionals="0" methods="3" coveredmethods="3"/>
      <line num="1" count="1" type="stmt"/>
    </file>
    <file name="longestString.js" path="/home/developer/Desktop/RECYLINK-TEST/longestString.js">
      <metrics statements="9" coveredstatements="9" conditionals="4" coveredconditionals="3" methods="2" coveredmethods="2"/>
      <line num="2" count="1" type="stmt"/>
      <line num="3" count="1" type="stmt"/>
      <line num="4" count="1" type="stmt"/>
      <line num="6" count="1" type="cond" truecount="1" falsecount="1"/>
      <line num="8" count="1" type="stmt"/>
      <line num="10" count="3" type="cond" truecount="2" falsecount="0"/>
      <line num="11" count="2" type="stmt"/>
      <line num="12" count="2" type="stmt"/>
      <line num="17" count="1" type="stmt"/>
    </file>
    <file name="onlyLastName.js" path="/home/developer/Desktop/RECYLINK-TEST/onlyLastName.js">
      <metrics statements="5" coveredstatements="5" conditionals="0" coveredconditionals="0" methods="2" coveredmethods="2"/>
      <line num="1" count="1" type="stmt"/>
      <line num="2" count="1" type="stmt"/>
      <line num="4" count="1" type="stmt"/>
      <line num="5" count="3" type="stmt"/>
      <line num="8" count="1" type="stmt"/>
    </file>
    <file name="stringRepetition.js" path="/home/developer/Desktop/RECYLINK-TEST/stringRepetition.js">
      <metrics statements="4" coveredstatements="3" conditionals="5" coveredconditionals="4" methods="1" coveredmethods="1"/>
      <line num="1" count="1" type="stmt"/>
      <line num="2" count="1" type="cond" truecount="4" falsecount="1"/>
      <line num="3" count="0" type="stmt"/>
      <line num="6" count="1" type="stmt"/>
    </file>
    <file name="uniqueNumbers.js" path="/home/developer/Desktop/RECYLINK-TEST/uniqueNumbers.js">
      <metrics statements="4" coveredstatements="4" conditionals="0" coveredconditionals="0" methods="2" coveredmethods="2"/>
      <line num="1" count="1" type="stmt"/>
      <line num="3" count="1" type="stmt"/>
      <line num="4" count="3" type="stmt"/>
      <line num="7" count="1" type="stmt"/>
    </file>
  </project>
</coverage>
