TN:
SF:compositiveFunction.js
FN:1,(anonymous_0)
FN:1,(anonymous_1)
FN:1,(anonymous_2)
FNF:3
FNH:3
FNDA:1,(anonymous_0)
FNDA:1,(anonymous_1)
FNDA:1,(anonymous_2)
DA:1,1
LF:1
LH:1
BRF:0
BRH:0
end_of_record
TN:
SF:longestString.js
FN:2,(anonymous_0)
FN:8,(anonymous_1)
FNF:2
FNH:2
FNDA:1,(anonymous_0)
FNDA:3,(anonymous_1)
DA:2,1
DA:3,1
DA:4,1
DA:6,1
DA:8,1
DA:10,3
DA:11,2
DA:12,2
DA:17,1
LF:9
LH:9
BRDA:6,0,0,0
BRDA:6,0,1,1
BRDA:10,1,0,2
BRDA:10,1,1,1
BRF:4
BRH:3
end_of_record
TN:
SF:onlyLastName.js
FN:1,(anonymous_0)
FN:4,(anonymous_1)
FNF:2
FNH:2
FNDA:1,(anonymous_0)
FNDA:3,(anonymous_1)
DA:1,1
DA:2,1
DA:4,1
DA:5,3
DA:8,1
LF:5
LH:5
BRF:0
BRH:0
end_of_record
TN:
SF:stringRepetition.js
FN:1,(anonymous_0)
FNF:1
FNH:1
FNDA:1,(anonymous_0)
DA:1,1
DA:2,1
DA:3,0
DA:6,1
LF:4
LH:3
BRDA:2,0,0,0
BRDA:2,0,1,1
BRDA:2,1,0,1
BRDA:2,1,1,1
BRDA:2,1,2,1
BRF:5
BRH:4
end_of_record
TN:
SF:uniqueNumbers.js
FN:1,(anonymous_0)
FN:4,(anonymous_1)
FNF:2
FNH:2
FNDA:1,(anonymous_0)
FNDA:3,(anonymous_1)
DA:1,1
DA:3,1
DA:4,3
DA:7,1
LF:4
LH:4
BRF:0
BRH:0
end_of_record
